<?xml version="1.0" encoding="UTF-8"?>
<!-- Generated by org.testng.reporters.JUnitXMLReporter -->
<testsuite ignored="0" hostname="WIN-P8C555ISTU6" failures="1" tests="7" name="Test" time="128.227" errors="0" timestamp="2022-10-12T11:51:10 IST">
  <testcase classname="testclasses.VerifyUserCanLogin" name="VerifyUserCanLogIn" time="1.715">
    <failure type="java.lang.AssertionError" message="Profile Name is not matching did not expect [Sneha] but found [Sneha]">
      <![CDATA[java.lang.AssertionError: Profile Name is not matching did not expect [Sneha] but found [Sneha]
at testclasses.VerifyUserCanLogin.VerifyUserCanLogIn(VerifyUserCanLogin.java:66)
at java.base/java.util.ArrayList.forEach(ArrayList.java:1541)
... Removed 31 stack frames]]>
    </failure>
  </testcase> <!-- VerifyUserCanLogIn -->
  <testcase classname="testclasses.VerifyUserCanGetLowestPrice" name="VerifyUserCanSearchProduct" time="0.953"/>
  <testcase classname="testclasses.VerifyUserCanGetLowestPrice" name="VerifyUserCanGetLowestprice" time="7.43"/>
  <testcase classname="testclasses.VerifyUserCanAddAddress" name="verifyUserCanSeeProfilePage" time="10.419"/>
  <testcase classname="testclasses.VerifyUserCanAddAddress" name="addAddress" time="0.099"/>
  <testcase classname="testclasses.VerifyUserCanAddAddress" name="addAddresses" time="0.89"/>
  <testcase classname="testclasses.VerifyUserCanAddAddress" name="addAddresses" time="0.927"/>
</testsuite> <!-- Test -->
